{"/home/student/lab8/app/app/src/App.vue": {"path":"/home/student/lab8/app/app/src/App.vue","statementMap":{"0":{"start":{"line":9,"column":0},"end":{"line":null,"column":-1}}},"fnMap":{},"branchMap":{},"s":{"0":0},"f":{},"b":{}}
,"/home/student/lab8/app/app/src/components/Fibonacci.vue": {"path":"/home/student/lab8/app/app/src/components/Fibonacci.vue","statementMap":{"0":{"start":{"line":22,"column":0},"end":{"line":null,"column":-1}},"1":{"start":{"line":31,"column":0},"end":{"line":48,"column":0}},"2":{"start":{"line":32,"column":0},"end":{"line":null,"column":-1}},"3":{"start":{"line":33,"column":0},"end":{"line":48,"column":0}},"4":{"start":{"line":34,"column":0},"end":{"line":null,"column":-1}},"5":{"start":{"line":37,"column":0},"end":{"line":null,"column":-1}},"6":{"start":{"line":38,"column":0},"end":{"line":null,"column":-1}},"7":{"start":{"line":41,"column":0},"end":{"line":45,"column":0}},"8":{"start":{"line":42,"column":0},"end":{"line":null,"column":-1}},"9":{"start":{"line":43,"column":0},"end":{"line":null,"column":-1}},"10":{"start":{"line":44,"column":0},"end":{"line":null,"column":-1}},"11":{"start":{"line":47,"column":0},"end":{"line":null,"column":-1}},"12":{"start":{"line":52,"column":0},"end":{"line":null,"column":-1}},"13":{"start":{"line":56,"column":0},"end":{"line":null,"column":-1}},"14":{"start":{"line":60,"column":0},"end":{"line":67,"column":0}},"15":{"start":{"line":61,"column":0},"end":{"line":null,"column":-1}},"16":{"start":{"line":62,"column":0},"end":{"line":67,"column":0}},"17":{"start":{"line":63,"column":0},"end":{"line":null,"column":-1}},"18":{"start":{"line":65,"column":0},"end":{"line":null,"column":-1}}},"fnMap":{},"branchMap":{"0":{"loc":{"start":{"line":31,"column":0},"end":{"line":48,"column":0}},"type":"if","locations":[{"start":{"line":31,"column":0},"end":{"line":48,"column":0}},{"start":{"line":31,"column":0},"end":{"line":48,"column":0}}]},"1":{"loc":{"start":{"line":33,"column":0},"end":{"line":48,"column":0}},"type":"if","locations":[{"start":{"line":33,"column":0},"end":{"line":48,"column":0}},{"start":{"line":33,"column":0},"end":{"line":48,"column":0}}]},"2":{"loc":{"start":{"line":60,"column":0},"end":{"line":67,"column":0}},"type":"if","locations":[{"start":{"line":60,"column":0},"end":{"line":67,"column":0}},{"start":{"line":60,"column":0},"end":{"line":67,"column":0}}]},"3":{"loc":{"start":{"line":62,"column":0},"end":{"line":67,"column":0}},"type":"if","locations":[{"start":{"line":62,"column":0},"end":{"line":67,"column":0}},{"start":{"line":62,"column":0},"end":{"line":67,"column":0}}]}},"s":{"0":0,"1":0,"2":0,"3":0,"4":0,"5":0,"6":0,"7":0,"8":0,"9":0,"10":0,"11":0,"12":0,"13":0,"14":0,"15":0,"16":0,"17":0,"18":0},"f":{},"b":{"0":[0,0],"1":[0,0],"2":[0,0],"3":[0,0]}}
}
